<?xml version="1.0" encoding="UTF-8"?>
<coverage generated="1766228811924" clover="3.2.0">
  <project timestamp="1766228811924" name="All files">
    <metrics statements="195" coveredstatements="184" conditionals="112" coveredconditionals="96" methods="26" coveredmethods="24" elements="333" coveredelements="304" complexity="0" loc="195" ncloc="195" packages="2" files="4" classes="4"/>
    <package name="contexts">
      <metrics statements="118" coveredstatements="109" conditionals="70" coveredconditionals="59" methods="9" coveredmethods="9"/>
      <file name="DeskContext.jsx" path="/Users/vi/Desktop/Uni Work/WEBS3/SP3-Frontend/src/contexts/DeskContext.jsx">
        <metrics statements="118" coveredstatements="109" conditionals="70" coveredconditionals="59" methods="9" coveredmethods="9"/>
        <line num="21" count="6" type="stmt"/>
        <line num="24" count="238" type="stmt"/>
        <line num="25" count="238" type="stmt"/>
        <line num="28" count="238" type="stmt"/>
        <line num="29" count="238" type="stmt"/>
        <line num="30" count="238" type="stmt"/>
        <line num="31" count="238" type="stmt"/>
        <line num="34" count="238" type="stmt"/>
        <line num="35" count="238" type="stmt"/>
        <line num="36" count="238" type="stmt"/>
        <line num="39" count="238" type="stmt"/>
        <line num="42" count="238" type="stmt"/>
        <line num="43" count="238" type="stmt"/>
        <line num="44" count="238" type="stmt"/>
        <line num="49" count="238" type="stmt"/>
        <line num="50" count="234" type="cond" truecount="4" falsecount="0"/>
        <line num="51" count="175" type="cond" truecount="1" falsecount="1"/>
        <line num="52" count="0" type="stmt"/>
        <line num="53" count="0" type="stmt"/>
        <line num="55" count="175" type="stmt"/>
        <line num="58" count="59" type="stmt"/>
        <line num="59" count="59" type="stmt"/>
        <line num="60" count="59" type="stmt"/>
        <line num="62" count="59" type="stmt"/>
        <line num="63" count="12" type="stmt"/>
        <line num="64" count="12" type="stmt"/>
        <line num="65" count="11" type="stmt"/>
        <line num="66" count="11" type="cond" truecount="3" falsecount="0"/>
        <line num="68" count="12" type="stmt"/>
        <line num="69" count="12" type="stmt"/>
        <line num="72" count="12" type="cond" truecount="2" falsecount="0"/>
        <line num="73" count="3" type="stmt"/>
        <line num="74" count="3" type="stmt"/>
        <line num="75" count="3" type="stmt"/>
        <line num="78" count="3" type="cond" truecount="4" falsecount="0"/>
        <line num="79" count="1" type="stmt"/>
        <line num="82" count="1" type="cond" truecount="3" falsecount="1"/>
        <line num="83" count="1" type="stmt"/>
        <line num="84" count="1" type="stmt"/>
        <line num="86" count="0" type="stmt"/>
        <line num="92" count="11" type="stmt"/>
        <line num="93" count="11" type="stmt"/>
        <line num="95" count="1" type="stmt"/>
        <line num="98" count="1" type="cond" truecount="2" falsecount="2"/>
        <line num="99" count="1" type="stmt"/>
        <line num="102" count="1" type="cond" truecount="1" falsecount="1"/>
        <line num="103" count="1" type="stmt"/>
        <line num="104" count="1" type="stmt"/>
        <line num="108" count="1" type="stmt"/>
        <line num="111" count="1" type="cond" truecount="2" falsecount="2"/>
        <line num="112" count="0" type="stmt"/>
        <line num="121" count="59" type="stmt"/>
        <line num="123" count="59" type="stmt"/>
        <line num="124" count="59" type="cond" truecount="2" falsecount="0"/>
        <line num="125" count="58" type="stmt"/>
        <line num="126" count="58" type="stmt"/>
        <line num="132" count="238" type="stmt"/>
        <line num="133" count="233" type="cond" truecount="4" falsecount="0"/>
        <line num="134" count="216" type="stmt"/>
        <line num="135" count="216" type="stmt"/>
        <line num="139" count="17" type="cond" truecount="4" falsecount="0"/>
        <line num="140" count="13" type="cond" truecount="2" falsecount="0"/>
        <line num="142" count="13" type="cond" truecount="2" falsecount="0"/>
        <line num="143" count="9" type="stmt"/>
        <line num="144" count="4" type="cond" truecount="1" falsecount="1"/>
        <line num="145" count="4" type="stmt"/>
        <line num="146" count="4" type="stmt"/>
        <line num="152" count="238" type="stmt"/>
        <line num="153" count="41" type="stmt"/>
        <line num="154" count="41" type="cond" truecount="1" falsecount="1"/>
        <line num="155" count="0" type="stmt"/>
        <line num="156" count="0" type="stmt"/>
        <line num="160" count="41" type="cond" truecount="4" falsecount="0"/>
        <line num="161" count="2" type="stmt"/>
        <line num="167" count="41" type="cond" truecount="2" falsecount="0"/>
        <line num="168" count="41" type="cond" truecount="3" falsecount="0"/>
        <line num="169" count="41" type="cond" truecount="2" falsecount="0"/>
        <line num="172" count="41" type="stmt"/>
        <line num="174" count="40" type="cond" truecount="4" falsecount="0"/>
        <line num="175" count="3" type="stmt"/>
        <line num="179" count="37" type="stmt"/>
        <line num="182" count="37" type="stmt"/>
        <line num="185" count="36" type="stmt"/>
        <line num="187" count="36" type="stmt"/>
        <line num="188" count="36" type="stmt"/>
        <line num="189" count="36" type="stmt"/>
        <line num="190" count="36" type="stmt"/>
        <line num="191" count="36" type="stmt"/>
        <line num="193" count="5" type="stmt"/>
        <line num="194" count="5" type="stmt"/>
        <line num="199" count="238" type="stmt"/>
        <line num="200" count="8" type="stmt"/>
        <line num="201" count="8" type="cond" truecount="1" falsecount="1"/>
        <line num="202" count="8" type="stmt"/>
        <line num="205" count="8" type="stmt"/>
        <line num="206" count="8" type="stmt"/>
        <line num="207" count="8" type="stmt"/>
        <line num="208" count="8" type="stmt"/>
        <line num="209" count="8" type="stmt"/>
        <line num="210" count="8" type="stmt"/>
        <line num="211" count="8" type="stmt"/>
        <line num="212" count="8" type="stmt"/>
        <line num="213" count="8" type="stmt"/>
        <line num="215" count="0" type="stmt"/>
        <line num="216" count="0" type="stmt"/>
        <line num="221" count="238" type="stmt"/>
        <line num="222" count="18" type="cond" truecount="4" falsecount="0"/>
        <line num="224" count="17" type="stmt"/>
        <line num="225" count="17" type="stmt"/>
        <line num="226" count="17" type="stmt"/>
        <line num="228" count="1" type="stmt"/>
        <line num="229" count="1" type="stmt"/>
        <line num="233" count="238" type="stmt"/>
        <line num="253" count="238" type="stmt"/>
        <line num="261" count="234" type="stmt"/>
        <line num="262" count="234" type="cond" truecount="1" falsecount="1"/>
        <line num="263" count="0" type="stmt"/>
        <line num="265" count="234" type="stmt"/>
      </file>
    </package>
    <package name="lib">
      <metrics statements="77" coveredstatements="75" conditionals="42" coveredconditionals="37" methods="17" coveredmethods="15"/>
      <file name="backendAPI.js" path="/Users/vi/Desktop/Uni Work/WEBS3/SP3-Frontend/src/lib/backendAPI.js">
        <metrics statements="16" coveredstatements="14" conditionals="9" coveredconditionals="7" methods="7" coveredmethods="5"/>
        <line num="4" count="1" type="stmt"/>
        <line num="5" count="1" type="cond" truecount="3" falsecount="1"/>
        <line num="11" count="19" type="stmt"/>
        <line num="12" count="19" type="stmt"/>
        <line num="20" count="18" type="cond" truecount="2" falsecount="0"/>
        <line num="21" count="7" type="stmt"/>
        <line num="22" count="7" type="cond" truecount="1" falsecount="1"/>
        <line num="25" count="11" type="stmt"/>
        <line num="27" count="8" type="stmt"/>
        <line num="28" count="8" type="stmt"/>
        <line num="37" count="5" type="stmt"/>
        <line num="46" count="4" type="stmt"/>
        <line num="56" count="3" type="stmt"/>
        <line num="66" count="7" type="stmt"/>
        <line num="77" count="0" type="stmt"/>
        <line num="78" count="0" type="stmt"/>
      </file>
      <file name="postureAnalytics.js" path="/Users/vi/Desktop/Uni Work/WEBS3/SP3-Frontend/src/lib/postureAnalytics.js">
        <metrics statements="56" coveredstatements="56" conditionals="25" coveredconditionals="24" methods="10" coveredmethods="10"/>
        <line num="9" count="13" type="stmt"/>
        <line num="10" count="13" type="stmt"/>
        <line num="12" count="13" type="stmt"/>
        <line num="13" count="13" type="stmt"/>
        <line num="15" count="13" type="stmt"/>
        <line num="21" count="13" type="stmt"/>
        <line num="28" count="13" type="stmt"/>
        <line num="29" count="13" type="stmt"/>
        <line num="30" count="13" type="stmt"/>
        <line num="31" count="13" type="stmt"/>
        <line num="33" count="13" type="stmt"/>
        <line num="34" count="4" type="cond" truecount="2" falsecount="0"/>
        <line num="35" count="4" type="cond" truecount="2" falsecount="0"/>
        <line num="36" count="3" type="stmt"/>
        <line num="37" count="3" type="stmt"/>
        <line num="38" count="1" type="cond" truecount="1" falsecount="1"/>
        <line num="39" count="1" type="stmt"/>
        <line num="40" count="1" type="stmt"/>
        <line num="44" count="13" type="stmt"/>
        <line num="59" count="2" type="stmt"/>
        <line num="60" count="2" type="stmt"/>
        <line num="62" count="2" type="stmt"/>
        <line num="63" count="10" type="stmt"/>
        <line num="64" count="10" type="stmt"/>
        <line num="65" count="10" type="stmt"/>
        <line num="67" count="10" type="stmt"/>
        <line num="68" count="10" type="stmt"/>
        <line num="71" count="2" type="stmt"/>
        <line num="78" count="3" type="stmt"/>
        <line num="79" count="3" type="stmt"/>
        <line num="80" count="3" type="stmt"/>
        <line num="87" count="7" type="stmt"/>
        <line num="94" count="2" type="stmt"/>
        <line num="95" count="2" type="stmt"/>
        <line num="96" count="2" type="stmt"/>
        <line num="98" count="2" type="stmt"/>
        <line num="105" count="2" type="stmt"/>
        <line num="106" count="2" type="stmt"/>
        <line num="107" count="3" type="stmt"/>
        <line num="108" count="3" type="cond" truecount="2" falsecount="0"/>
        <line num="111" count="2" type="stmt"/>
        <line num="118" count="2" type="stmt"/>
        <line num="119" count="2" type="stmt"/>
        <line num="120" count="2" type="stmt"/>
        <line num="122" count="2" type="stmt"/>
        <line num="128" count="2" type="stmt"/>
        <line num="135" count="2" type="stmt"/>
        <line num="136" count="5" type="cond" truecount="2" falsecount="0"/>
        <line num="137" count="5" type="cond" truecount="2" falsecount="0"/>
        <line num="138" count="3" type="cond" truecount="2" falsecount="0"/>
        <line num="139" count="2" type="cond" truecount="2" falsecount="0"/>
        <line num="140" count="1" type="stmt"/>
        <line num="143" count="2" type="stmt"/>
        <line num="150" count="3" type="stmt"/>
        <line num="151" count="3" type="cond" truecount="2" falsecount="0"/>
        <line num="153" count="2" type="stmt"/>
      </file>
      <file name="supabase.js" path="/Users/vi/Desktop/Uni Work/WEBS3/SP3-Frontend/src/lib/supabase.js">
        <metrics statements="5" coveredstatements="5" conditionals="8" coveredconditionals="6" methods="0" coveredmethods="0"/>
        <line num="3" count="6" type="stmt"/>
        <line num="4" count="6" type="stmt"/>
        <line num="6" count="6" type="cond" truecount="2" falsecount="2"/>
        <line num="7" count="6" type="stmt"/>
        <line num="11" count="6" type="stmt"/>
      </file>
    </package>
  </project>
</coverage>
