{"/Users/vi/Desktop/Uni Work/WEBS3/SP3-Frontend/src/contexts/DeskContext.jsx": {"path":"/Users/vi/Desktop/Uni Work/WEBS3/SP3-Frontend/src/contexts/DeskContext.jsx","statementMap":{"0":{"start":{"line":21,"column":6},"end":{"line":21,"column":null}},"1":{"start":{"line":24,"column":15},"end":{"line":24,"column":null}},"2":{"start":{"line":25,"column":33},"end":{"line":25,"column":null}},"3":{"start":{"line":28,"column":36},"end":{"line":28,"column":null}},"4":{"start":{"line":29,"column":26},"end":{"line":29,"column":null}},"5":{"start":{"line":30,"column":30},"end":{"line":30,"column":null}},"6":{"start":{"line":31,"column":30},"end":{"line":31,"column":null}},"7":{"start":{"line":34,"column":40},"end":{"line":34,"column":null}},"8":{"start":{"line":35,"column":24},"end":{"line":35,"column":null}},"9":{"start":{"line":36,"column":38},"end":{"line":36,"column":null}},"10":{"start":{"line":39,"column":42},"end":{"line":39,"column":null}},"11":{"start":{"line":42,"column":8},"end":{"line":42,"column":null}},"12":{"start":{"line":43,"column":8},"end":{"line":43,"column":null}},"13":{"start":{"line":44,"column":8},"end":{"line":44,"column":null}},"14":{"start":{"line":49,"column":2},"end":{"line":129,"column":null}},"15":{"start":{"line":50,"column":4},"end":{"line":56,"column":null}},"16":{"start":{"line":51,"column":6},"end":{"line":54,"column":null}},"17":{"start":{"line":52,"column":8},"end":{"line":52,"column":null}},"18":{"start":{"line":53,"column":8},"end":{"line":53,"column":null}},"19":{"start":{"line":55,"column":6},"end":{"line":55,"column":null}},"20":{"start":{"line":58,"column":21},"end":{"line":58,"column":null}},"21":{"start":{"line":59,"column":20},"end":{"line":59,"column":null}},"22":{"start":{"line":60,"column":24},"end":{"line":60,"column":null}},"23":{"start":{"line":62,"column":26},"end":{"line":119,"column":null}},"24":{"start":{"line":63,"column":6},"end":{"line":118,"column":null}},"25":{"start":{"line":64,"column":21},"end":{"line":64,"column":null}},"26":{"start":{"line":65,"column":26},"end":{"line":65,"column":null}},"27":{"start":{"line":66,"column":25},"end":{"line":66,"column":null}},"28":{"start":{"line":68,"column":8},"end":{"line":68,"column":null}},"29":{"start":{"line":69,"column":8},"end":{"line":69,"column":null}},"30":{"start":{"line":72,"column":8},"end":{"line":90,"column":null}},"31":{"start":{"line":73,"column":28},"end":{"line":73,"column":null}},"32":{"start":{"line":74,"column":29},"end":{"line":74,"column":null}},"33":{"start":{"line":75,"column":32},"end":{"line":75,"column":null}},"34":{"start":{"line":78,"column":10},"end":{"line":89,"column":null}},"35":{"start":{"line":79,"column":12},"end":{"line":79,"column":null}},"36":{"start":{"line":82,"column":12},"end":{"line":88,"column":null}},"37":{"start":{"line":83,"column":14},"end":{"line":87,"column":null}},"38":{"start":{"line":84,"column":16},"end":{"line":84,"column":null}},"39":{"start":{"line":86,"column":16},"end":{"line":86,"column":null}},"40":{"start":{"line":92,"column":8},"end":{"line":92,"column":null}},"41":{"start":{"line":93,"column":8},"end":{"line":93,"column":null}},"42":{"start":{"line":95,"column":8},"end":{"line":95,"column":null}},"43":{"start":{"line":98,"column":8},"end":{"line":117,"column":null}},"44":{"start":{"line":99,"column":10},"end":{"line":99,"column":null}},"45":{"start":{"line":102,"column":10},"end":{"line":105,"column":null}},"46":{"start":{"line":103,"column":12},"end":{"line":103,"column":null}},"47":{"start":{"line":104,"column":12},"end":{"line":104,"column":null}},"48":{"start":{"line":108,"column":10},"end":{"line":108,"column":null}},"49":{"start":{"line":111,"column":10},"end":{"line":116,"column":null}},"50":{"start":{"line":112,"column":12},"end":{"line":115,"column":null}},"51":{"start":{"line":121,"column":4},"end":{"line":121,"column":null}},"52":{"start":{"line":123,"column":4},"end":{"line":128,"column":null}},"53":{"start":{"line":124,"column":6},"end":{"line":127,"column":null}},"54":{"start":{"line":125,"column":8},"end":{"line":125,"column":null}},"55":{"start":{"line":126,"column":8},"end":{"line":126,"column":null}},"56":{"start":{"line":132,"column":2},"end":{"line":149,"column":null}},"57":{"start":{"line":133,"column":4},"end":{"line":136,"column":null}},"58":{"start":{"line":134,"column":6},"end":{"line":134,"column":null}},"59":{"start":{"line":135,"column":6},"end":{"line":135,"column":null}},"60":{"start":{"line":139,"column":4},"end":{"line":148,"column":null}},"61":{"start":{"line":140,"column":26},"end":{"line":140,"column":null}},"62":{"start":{"line":142,"column":6},"end":{"line":147,"column":null}},"63":{"start":{"line":143,"column":8},"end":{"line":143,"column":null}},"64":{"start":{"line":144,"column":6},"end":{"line":147,"column":null}},"65":{"start":{"line":145,"column":8},"end":{"line":145,"column":null}},"66":{"start":{"line":146,"column":8},"end":{"line":146,"column":null}},"67":{"start":{"line":152,"column":8},"end":{"line":196,"column":null}},"68":{"start":{"line":153,"column":4},"end":{"line":195,"column":null}},"69":{"start":{"line":154,"column":6},"end":{"line":157,"column":null}},"70":{"start":{"line":155,"column":8},"end":{"line":155,"column":null}},"71":{"start":{"line":156,"column":8},"end":{"line":156,"column":null}},"72":{"start":{"line":160,"column":6},"end":{"line":162,"column":null}},"73":{"start":{"line":161,"column":8},"end":{"line":161,"column":null}},"74":{"start":{"line":167,"column":18},"end":{"line":167,"column":null}},"75":{"start":{"line":168,"column":23},"end":{"line":168,"column":null}},"76":{"start":{"line":169,"column":23},"end":{"line":169,"column":null}},"77":{"start":{"line":172,"column":21},"end":{"line":172,"column":null}},"78":{"start":{"line":174,"column":6},"end":{"line":176,"column":null}},"79":{"start":{"line":175,"column":8},"end":{"line":175,"column":null}},"80":{"start":{"line":179,"column":6},"end":{"line":179,"column":null}},"81":{"start":{"line":182,"column":6},"end":{"line":182,"column":null}},"82":{"start":{"line":185,"column":6},"end":{"line":185,"column":null}},"83":{"start":{"line":187,"column":6},"end":{"line":187,"column":null}},"84":{"start":{"line":188,"column":6},"end":{"line":188,"column":null}},"85":{"start":{"line":189,"column":6},"end":{"line":189,"column":null}},"86":{"start":{"line":190,"column":6},"end":{"line":190,"column":null}},"87":{"start":{"line":191,"column":6},"end":{"line":191,"column":null}},"88":{"start":{"line":193,"column":6},"end":{"line":193,"column":null}},"89":{"start":{"line":194,"column":6},"end":{"line":194,"column":null}},"90":{"start":{"line":199,"column":8},"end":{"line":218,"column":null}},"91":{"start":{"line":200,"column":4},"end":{"line":217,"column":null}},"92":{"start":{"line":201,"column":6},"end":{"line":203,"column":null}},"93":{"start":{"line":202,"column":8},"end":{"line":202,"column":null}},"94":{"start":{"line":205,"column":6},"end":{"line":205,"column":null}},"95":{"start":{"line":206,"column":6},"end":{"line":206,"column":null}},"96":{"start":{"line":207,"column":6},"end":{"line":207,"column":null}},"97":{"start":{"line":208,"column":6},"end":{"line":208,"column":null}},"98":{"start":{"line":209,"column":6},"end":{"line":209,"column":null}},"99":{"start":{"line":210,"column":6},"end":{"line":210,"column":null}},"100":{"start":{"line":211,"column":6},"end":{"line":211,"column":null}},"101":{"start":{"line":212,"column":6},"end":{"line":212,"column":null}},"102":{"start":{"line":213,"column":6},"end":{"line":213,"column":null}},"103":{"start":{"line":215,"column":6},"end":{"line":215,"column":null}},"104":{"start":{"line":216,"column":6},"end":{"line":216,"column":null}},"105":{"start":{"line":221,"column":8},"end":{"line":231,"column":null}},"106":{"start":{"line":222,"column":4},"end":{"line":222,"column":null}},"107":{"start":{"line":222,"column":33},"end":{"line":222,"column":null}},"108":{"start":{"line":224,"column":4},"end":{"line":230,"column":null}},"109":{"start":{"line":225,"column":6},"end":{"line":225,"column":null}},"110":{"start":{"line":226,"column":6},"end":{"line":226,"column":null}},"111":{"start":{"line":228,"column":6},"end":{"line":228,"column":null}},"112":{"start":{"line":229,"column":6},"end":{"line":229,"column":null}},"113":{"start":{"line":233,"column":16},"end":{"line":251,"column":null}},"114":{"start":{"line":253,"column":2},"end":{"line":256,"column":null}},"115":{"start":{"line":261,"column":8},"end":{"line":261,"column":null}},"116":{"start":{"line":262,"column":2},"end":{"line":264,"column":null}},"117":{"start":{"line":263,"column":4},"end":{"line":263,"column":null}},"118":{"start":{"line":265,"column":2},"end":{"line":265,"column":null}}},"fnMap":{"0":{"name":"DeskProvider","decl":{"start":{"line":23,"column":16},"end":{"line":23,"column":29}},"loc":{"start":{"line":23,"column":43},"end":{"line":258,"column":null}},"line":23},"1":{"name":"(anonymous_1)","decl":{"start":{"line":49,"column":12},"end":{"line":49,"column":18}},"loc":{"start":{"line":49,"column":18},"end":{"line":129,"column":5}},"line":49},"2":{"name":"(anonymous_2)","decl":{"start":{"line":62,"column":26},"end":{"line":62,"column":38}},"loc":{"start":{"line":62,"column":38},"end":{"line":119,"column":null}},"line":62},"3":{"name":"(anonymous_3)","decl":{"start":{"line":123,"column":11},"end":{"line":123,"column":17}},"loc":{"start":{"line":123,"column":17},"end":{"line":128,"column":null}},"line":123},"4":{"name":"(anonymous_4)","decl":{"start":{"line":132,"column":12},"end":{"line":132,"column":18}},"loc":{"start":{"line":132,"column":18},"end":{"line":149,"column":5}},"line":132},"5":{"name":"(anonymous_5)","decl":{"start":{"line":152,"column":36},"end":{"line":152,"column":43}},"loc":{"start":{"line":152,"column":60},"end":{"line":196,"column":5}},"line":152},"6":{"name":"(anonymous_6)","decl":{"start":{"line":199,"column":41},"end":{"line":199,"column":53}},"loc":{"start":{"line":199,"column":53},"end":{"line":218,"column":5}},"line":199},"7":{"name":"(anonymous_7)","decl":{"start":{"line":221,"column":39},"end":{"line":221,"column":46}},"loc":{"start":{"line":221,"column":57},"end":{"line":231,"column":5}},"line":221},"8":{"name":"useDesk","decl":{"start":{"line":260,"column":16},"end":{"line":260,"column":26}},"loc":{"start":{"line":260,"column":26},"end":{"line":266,"column":null}},"line":260}},"branchMap":{"0":{"loc":{"start":{"line":50,"column":4},"end":{"line":56,"column":null}},"type":"if","locations":[{"start":{"line":50,"column":4},"end":{"line":56,"column":null}},{"start":{},"end":{}}],"line":50},"1":{"loc":{"start":{"line":50,"column":8},"end":{"line":50,"column":33}},"type":"binary-expr","locations":[{"start":{"line":50,"column":8},"end":{"line":50,"column":24}},{"start":{"line":50,"column":24},"end":{"line":50,"column":33}}],"line":50},"2":{"loc":{"start":{"line":51,"column":6},"end":{"line":54,"column":null}},"type":"if","locations":[{"start":{"line":51,"column":6},"end":{"line":54,"column":null}},{"start":{},"end":{}}],"line":51},"3":{"loc":{"start":{"line":66,"column":25},"end":{"line":66,"column":null}},"type":"binary-expr","locations":[{"start":{"line":66,"column":25},"end":{"line":66,"column":49}},{"start":{"line":66,"column":49},"end":{"line":66,"column":69}},{"start":{"line":66,"column":69},"end":{"line":66,"column":null}}],"line":66},"4":{"loc":{"start":{"line":72,"column":8},"end":{"line":90,"column":null}},"type":"if","locations":[{"start":{"line":72,"column":8},"end":{"line":90,"column":null}},{"start":{},"end":{}}],"line":72},"5":{"loc":{"start":{"line":78,"column":10},"end":{"line":89,"column":null}},"type":"if","locations":[{"start":{"line":78,"column":10},"end":{"line":89,"column":null}},{"start":{},"end":{}}],"line":78},"6":{"loc":{"start":{"line":78,"column":14},"end":{"line":78,"column":47}},"type":"binary-expr","locations":[{"start":{"line":78,"column":14},"end":{"line":78,"column":31}},{"start":{"line":78,"column":31},"end":{"line":78,"column":47}}],"line":78},"7":{"loc":{"start":{"line":82,"column":12},"end":{"line":88,"column":null}},"type":"if","locations":[{"start":{"line":82,"column":12},"end":{"line":88,"column":null}},{"start":{},"end":{}}],"line":82},"8":{"loc":{"start":{"line":82,"column":16},"end":{"line":82,"column":34}},"type":"binary-expr","locations":[{"start":{"line":82,"column":16},"end":{"line":82,"column":24}},{"start":{"line":82,"column":24},"end":{"line":82,"column":34}}],"line":82},"9":{"loc":{"start":{"line":98,"column":8},"end":{"line":117,"column":null}},"type":"if","locations":[{"start":{"line":98,"column":8},"end":{"line":117,"column":null}},{"start":{},"end":{}}],"line":98},"10":{"loc":{"start":{"line":98,"column":12},"end":{"line":98,"column":84}},"type":"binary-expr","locations":[{"start":{"line":98,"column":12},"end":{"line":98,"column":52}},{"start":{"line":98,"column":52},"end":{"line":98,"column":84}}],"line":98},"11":{"loc":{"start":{"line":102,"column":10},"end":{"line":105,"column":null}},"type":"if","locations":[{"start":{"line":102,"column":10},"end":{"line":105,"column":null}},{"start":{},"end":{}}],"line":102},"12":{"loc":{"start":{"line":111,"column":10},"end":{"line":116,"column":null}},"type":"if","locations":[{"start":{"line":111,"column":10},"end":{"line":116,"column":null}},{"start":{},"end":{}}],"line":111},"13":{"loc":{"start":{"line":111,"column":14},"end":{"line":111,"column":81}},"type":"binary-expr","locations":[{"start":{"line":111,"column":14},"end":{"line":111,"column":42}},{"start":{"line":111,"column":42},"end":{"line":111,"column":81}}],"line":111},"14":{"loc":{"start":{"line":124,"column":6},"end":{"line":127,"column":null}},"type":"if","locations":[{"start":{"line":124,"column":6},"end":{"line":127,"column":null}},{"start":{},"end":{}}],"line":124},"15":{"loc":{"start":{"line":133,"column":4},"end":{"line":136,"column":null}},"type":"if","locations":[{"start":{"line":133,"column":4},"end":{"line":136,"column":null}},{"start":{},"end":{}}],"line":133},"16":{"loc":{"start":{"line":133,"column":8},"end":{"line":133,"column":37}},"type":"binary-expr","locations":[{"start":{"line":133,"column":8},"end":{"line":133,"column":24}},{"start":{"line":133,"column":24},"end":{"line":133,"column":37}}],"line":133},"17":{"loc":{"start":{"line":139,"column":4},"end":{"line":148,"column":null}},"type":"if","locations":[{"start":{"line":139,"column":4},"end":{"line":148,"column":null}},{"start":{},"end":{}}],"line":139},"18":{"loc":{"start":{"line":139,"column":8},"end":{"line":139,"column":42}},"type":"binary-expr","locations":[{"start":{"line":139,"column":8},"end":{"line":139,"column":23}},{"start":{"line":139,"column":23},"end":{"line":139,"column":42}}],"line":139},"19":{"loc":{"start":{"line":140,"column":26},"end":{"line":140,"column":null}},"type":"cond-expr","locations":[{"start":{"line":140,"column":48},"end":{"line":140,"column":60}},{"start":{"line":140,"column":60},"end":{"line":140,"column":null}}],"line":140},"20":{"loc":{"start":{"line":142,"column":6},"end":{"line":147,"column":null}},"type":"if","locations":[{"start":{"line":142,"column":6},"end":{"line":147,"column":null}},{"start":{"line":144,"column":6},"end":{"line":147,"column":null}}],"line":142},"21":{"loc":{"start":{"line":144,"column":6},"end":{"line":147,"column":null}},"type":"if","locations":[{"start":{"line":144,"column":6},"end":{"line":147,"column":null}},{"start":{},"end":{}}],"line":144},"22":{"loc":{"start":{"line":154,"column":6},"end":{"line":157,"column":null}},"type":"if","locations":[{"start":{"line":154,"column":6},"end":{"line":157,"column":null}},{"start":{},"end":{}}],"line":154},"23":{"loc":{"start":{"line":160,"column":6},"end":{"line":162,"column":null}},"type":"if","locations":[{"start":{"line":160,"column":6},"end":{"line":162,"column":null}},{"start":{},"end":{}}],"line":160},"24":{"loc":{"start":{"line":160,"column":10},"end":{"line":160,"column":35}},"type":"binary-expr","locations":[{"start":{"line":160,"column":10},"end":{"line":160,"column":25}},{"start":{"line":160,"column":25},"end":{"line":160,"column":35}}],"line":160},"25":{"loc":{"start":{"line":167,"column":18},"end":{"line":167,"column":null}},"type":"binary-expr","locations":[{"start":{"line":167,"column":18},"end":{"line":167,"column":46}},{"start":{"line":167,"column":46},"end":{"line":167,"column":null}}],"line":167},"26":{"loc":{"start":{"line":168,"column":23},"end":{"line":168,"column":null}},"type":"binary-expr","locations":[{"start":{"line":168,"column":23},"end":{"line":168,"column":58}},{"start":{"line":168,"column":58},"end":{"line":168,"column":99}},{"start":{"line":168,"column":99},"end":{"line":168,"column":null}}],"line":168},"27":{"loc":{"start":{"line":169,"column":23},"end":{"line":169,"column":null}},"type":"binary-expr","locations":[{"start":{"line":169,"column":23},"end":{"line":169,"column":44}},{"start":{"line":169,"column":44},"end":{"line":169,"column":null}}],"line":169},"28":{"loc":{"start":{"line":174,"column":6},"end":{"line":176,"column":null}},"type":"if","locations":[{"start":{"line":174,"column":6},"end":{"line":176,"column":null}},{"start":{},"end":{}}],"line":174},"29":{"loc":{"start":{"line":174,"column":10},"end":{"line":174,"column":33}},"type":"binary-expr","locations":[{"start":{"line":174,"column":10},"end":{"line":174,"column":21}},{"start":{"line":174,"column":21},"end":{"line":174,"column":33}}],"line":174},"30":{"loc":{"start":{"line":201,"column":6},"end":{"line":203,"column":null}},"type":"if","locations":[{"start":{"line":201,"column":6},"end":{"line":203,"column":null}},{"start":{},"end":{}}],"line":201},"31":{"loc":{"start":{"line":222,"column":4},"end":{"line":222,"column":null}},"type":"if","locations":[{"start":{"line":222,"column":4},"end":{"line":222,"column":null}},{"start":{},"end":{}}],"line":222},"32":{"loc":{"start":{"line":222,"column":8},"end":{"line":222,"column":33}},"type":"binary-expr","locations":[{"start":{"line":222,"column":8},"end":{"line":222,"column":24}},{"start":{"line":222,"column":24},"end":{"line":222,"column":33}}],"line":222},"33":{"loc":{"start":{"line":262,"column":2},"end":{"line":264,"column":null}},"type":"if","locations":[{"start":{"line":262,"column":2},"end":{"line":264,"column":null}},{"start":{},"end":{}}],"line":262}},"s":{"0":6,"1":238,"2":238,"3":238,"4":238,"5":238,"6":238,"7":238,"8":238,"9":238,"10":238,"11":238,"12":238,"13":238,"14":238,"15":234,"16":175,"17":0,"18":0,"19":175,"20":59,"21":59,"22":59,"23":59,"24":12,"25":12,"26":11,"27":11,"28":12,"29":12,"30":12,"31":3,"32":3,"33":3,"34":3,"35":1,"36":1,"37":1,"38":1,"39":0,"40":11,"41":11,"42":1,"43":1,"44":1,"45":1,"46":1,"47":1,"48":1,"49":1,"50":0,"51":59,"52":59,"53":59,"54":58,"55":58,"56":238,"57":233,"58":216,"59":216,"60":17,"61":13,"62":13,"63":9,"64":4,"65":4,"66":4,"67":238,"68":41,"69":41,"70":0,"71":0,"72":41,"73":2,"74":41,"75":41,"76":41,"77":41,"78":40,"79":3,"80":37,"81":37,"82":36,"83":36,"84":36,"85":36,"86":36,"87":36,"88":5,"89":5,"90":238,"91":8,"92":8,"93":8,"94":8,"95":8,"96":8,"97":8,"98":8,"99":8,"100":8,"101":8,"102":8,"103":0,"104":0,"105":238,"106":18,"107":1,"108":17,"109":17,"110":17,"111":1,"112":1,"113":238,"114":238,"115":234,"116":234,"117":0,"118":234},"f":{"0":238,"1":234,"2":12,"3":59,"4":233,"5":41,"6":8,"7":18,"8":234},"b":{"0":[175,59],"1":[234,59],"2":[0,175],"3":[11,8,8],"4":[3,9],"5":[1,2],"6":[3,1],"7":[1,0],"8":[1,1],"9":[1,0],"10":[1,0],"11":[1,0],"12":[0,1],"13":[1,0],"14":[58,1],"15":[216,17],"16":[233,58],"17":[13,4],"18":[17,14],"19":[9,4],"20":[9,4],"21":[4,0],"22":[0,41],"23":[2,39],"24":[41,2],"25":[41,40],"26":[41,2,1],"27":[41,4],"28":[3,37],"29":[40,39],"30":[8,0],"31":[1,17],"32":[18,17],"33":[0,234]},"meta":{"lastBranch":34,"lastFunction":9,"lastStatement":119,"seen":{"s:21:6:21:Infinity":0,"f:23:16:23:29":0,"s:24:15:24:Infinity":1,"s:25:33:25:Infinity":2,"s:28:36:28:Infinity":3,"s:29:26:29:Infinity":4,"s:30:30:30:Infinity":5,"s:31:30:31:Infinity":6,"s:34:40:34:Infinity":7,"s:35:24:35:Infinity":8,"s:36:38:36:Infinity":9,"s:39:42:39:Infinity":10,"s:42:8:42:Infinity":11,"s:43:8:43:Infinity":12,"s:44:8:44:Infinity":13,"s:49:2:129:Infinity":14,"f:49:12:49:18":1,"b:50:4:56:Infinity:undefined:undefined:undefined:undefined":0,"s:50:4:56:Infinity":15,"b:50:8:50:24:50:24:50:33":1,"b:51:6:54:Infinity:undefined:undefined:undefined:undefined":2,"s:51:6:54:Infinity":16,"s:52:8:52:Infinity":17,"s:53:8:53:Infinity":18,"s:55:6:55:Infinity":19,"s:58:21:58:Infinity":20,"s:59:20:59:Infinity":21,"s:60:24:60:Infinity":22,"s:62:26:119:Infinity":23,"f:62:26:62:38":2,"s:63:6:118:Infinity":24,"s:64:21:64:Infinity":25,"s:65:26:65:Infinity":26,"s:66:25:66:Infinity":27,"b:66:25:66:49:66:49:66:69:66:69:66:Infinity":3,"s:68:8:68:Infinity":28,"s:69:8:69:Infinity":29,"b:72:8:90:Infinity:undefined:undefined:undefined:undefined":4,"s:72:8:90:Infinity":30,"s:73:28:73:Infinity":31,"s:74:29:74:Infinity":32,"s:75:32:75:Infinity":33,"b:78:10:89:Infinity:undefined:undefined:undefined:undefined":5,"s:78:10:89:Infinity":34,"b:78:14:78:31:78:31:78:47":6,"s:79:12:79:Infinity":35,"b:82:12:88:Infinity:undefined:undefined:undefined:undefined":7,"s:82:12:88:Infinity":36,"b:82:16:82:24:82:24:82:34":8,"s:83:14:87:Infinity":37,"s:84:16:84:Infinity":38,"s:86:16:86:Infinity":39,"s:92:8:92:Infinity":40,"s:93:8:93:Infinity":41,"s:95:8:95:Infinity":42,"b:98:8:117:Infinity:undefined:undefined:undefined:undefined":9,"s:98:8:117:Infinity":43,"b:98:12:98:52:98:52:98:84":10,"s:99:10:99:Infinity":44,"b:102:10:105:Infinity:undefined:undefined:undefined:undefined":11,"s:102:10:105:Infinity":45,"s:103:12:103:Infinity":46,"s:104:12:104:Infinity":47,"s:108:10:108:Infinity":48,"b:111:10:116:Infinity:undefined:undefined:undefined:undefined":12,"s:111:10:116:Infinity":49,"b:111:14:111:42:111:42:111:81":13,"s:112:12:115:Infinity":50,"s:121:4:121:Infinity":51,"s:123:4:128:Infinity":52,"f:123:11:123:17":3,"b:124:6:127:Infinity:undefined:undefined:undefined:undefined":14,"s:124:6:127:Infinity":53,"s:125:8:125:Infinity":54,"s:126:8:126:Infinity":55,"s:132:2:149:Infinity":56,"f:132:12:132:18":4,"b:133:4:136:Infinity:undefined:undefined:undefined:undefined":15,"s:133:4:136:Infinity":57,"b:133:8:133:24:133:24:133:37":16,"s:134:6:134:Infinity":58,"s:135:6:135:Infinity":59,"b:139:4:148:Infinity:undefined:undefined:undefined:undefined":17,"s:139:4:148:Infinity":60,"b:139:8:139:23:139:23:139:42":18,"s:140:26:140:Infinity":61,"b:140:48:140:60:140:60:140:Infinity":19,"b:142:6:147:Infinity:144:6:147:Infinity":20,"s:142:6:147:Infinity":62,"s:143:8:143:Infinity":63,"b:144:6:147:Infinity:undefined:undefined:undefined:undefined":21,"s:144:6:147:Infinity":64,"s:145:8:145:Infinity":65,"s:146:8:146:Infinity":66,"s:152:8:196:Infinity":67,"f:152:36:152:43":5,"s:153:4:195:Infinity":68,"b:154:6:157:Infinity:undefined:undefined:undefined:undefined":22,"s:154:6:157:Infinity":69,"s:155:8:155:Infinity":70,"s:156:8:156:Infinity":71,"b:160:6:162:Infinity:undefined:undefined:undefined:undefined":23,"s:160:6:162:Infinity":72,"b:160:10:160:25:160:25:160:35":24,"s:161:8:161:Infinity":73,"s:167:18:167:Infinity":74,"b:167:18:167:46:167:46:167:Infinity":25,"s:168:23:168:Infinity":75,"b:168:23:168:58:168:58:168:99:168:99:168:Infinity":26,"s:169:23:169:Infinity":76,"b:169:23:169:44:169:44:169:Infinity":27,"s:172:21:172:Infinity":77,"b:174:6:176:Infinity:undefined:undefined:undefined:undefined":28,"s:174:6:176:Infinity":78,"b:174:10:174:21:174:21:174:33":29,"s:175:8:175:Infinity":79,"s:179:6:179:Infinity":80,"s:182:6:182:Infinity":81,"s:185:6:185:Infinity":82,"s:187:6:187:Infinity":83,"s:188:6:188:Infinity":84,"s:189:6:189:Infinity":85,"s:190:6:190:Infinity":86,"s:191:6:191:Infinity":87,"s:193:6:193:Infinity":88,"s:194:6:194:Infinity":89,"s:199:8:218:Infinity":90,"f:199:41:199:53":6,"s:200:4:217:Infinity":91,"b:201:6:203:Infinity:undefined:undefined:undefined:undefined":30,"s:201:6:203:Infinity":92,"s:202:8:202:Infinity":93,"s:205:6:205:Infinity":94,"s:206:6:206:Infinity":95,"s:207:6:207:Infinity":96,"s:208:6:208:Infinity":97,"s:209:6:209:Infinity":98,"s:210:6:210:Infinity":99,"s:211:6:211:Infinity":100,"s:212:6:212:Infinity":101,"s:213:6:213:Infinity":102,"s:215:6:215:Infinity":103,"s:216:6:216:Infinity":104,"s:221:8:231:Infinity":105,"f:221:39:221:46":7,"b:222:4:222:Infinity:undefined:undefined:undefined:undefined":31,"s:222:4:222:Infinity":106,"b:222:8:222:24:222:24:222:33":32,"s:222:33:222:Infinity":107,"s:224:4:230:Infinity":108,"s:225:6:225:Infinity":109,"s:226:6:226:Infinity":110,"s:228:6:228:Infinity":111,"s:229:6:229:Infinity":112,"s:233:16:251:Infinity":113,"s:253:2:256:Infinity":114,"f:260:16:260:26":8,"s:261:8:261:Infinity":115,"b:262:2:264:Infinity:undefined:undefined:undefined:undefined":33,"s:262:2:264:Infinity":116,"s:263:4:263:Infinity":117,"s:265:2:265:Infinity":118}}}
,"/Users/vi/Desktop/Uni Work/WEBS3/SP3-Frontend/src/lib/backendAPI.js": {"path":"/Users/vi/Desktop/Uni Work/WEBS3/SP3-Frontend/src/lib/backendAPI.js","statementMap":{"0":{"start":{"line":4,"column":15},"end":{"line":4,"column":51}},"1":{"start":{"line":5,"column":21},"end":{"line":5,"column":80}},"2":{"start":{"line":11,"column":2},"end":{"line":29,"column":null}},"3":{"start":{"line":12,"column":21},"end":{"line":18,"column":6}},"4":{"start":{"line":20,"column":4},"end":{"line":23,"column":null}},"5":{"start":{"line":21,"column":24},"end":{"line":21,"column":63}},"6":{"start":{"line":21,"column":59},"end":{"line":21,"column":61}},"7":{"start":{"line":22,"column":6},"end":{"line":22,"column":null}},"8":{"start":{"line":25,"column":4},"end":{"line":25,"column":null}},"9":{"start":{"line":27,"column":4},"end":{"line":27,"column":null}},"10":{"start":{"line":28,"column":4},"end":{"line":28,"column":null}},"11":{"start":{"line":37,"column":2},"end":{"line":37,"column":null}},"12":{"start":{"line":46,"column":2},"end":{"line":46,"column":null}},"13":{"start":{"line":56,"column":2},"end":{"line":56,"column":null}},"14":{"start":{"line":66,"column":2},"end":{"line":69,"column":null}},"15":{"start":{"line":77,"column":19},"end":{"line":77,"column":50}},"16":{"start":{"line":78,"column":2},"end":{"line":78,"column":null}}},"fnMap":{"0":{"name":"fetchAPI","decl":{"start":{"line":10,"column":15},"end":{"line":10,"column":23}},"loc":{"start":{"line":10,"column":48},"end":{"line":30,"column":null}},"line":10},"1":{"name":"(anonymous_1)","decl":{"start":{"line":21,"column":52},"end":{"line":21,"column":53}},"loc":{"start":{"line":21,"column":59},"end":{"line":21,"column":61}},"line":21},"2":{"name":"getAllDesks","decl":{"start":{"line":36,"column":22},"end":{"line":36,"column":33}},"loc":{"start":{"line":36,"column":36},"end":{"line":38,"column":null}},"line":36},"3":{"name":"getDeskData","decl":{"start":{"line":45,"column":22},"end":{"line":45,"column":33}},"loc":{"start":{"line":45,"column":42},"end":{"line":47,"column":null}},"line":45},"4":{"name":"getDeskCategory","decl":{"start":{"line":55,"column":22},"end":{"line":55,"column":37}},"loc":{"start":{"line":55,"column":56},"end":{"line":57,"column":null}},"line":55},"5":{"name":"updateDeskPosition","decl":{"start":{"line":65,"column":22},"end":{"line":65,"column":40}},"loc":{"start":{"line":65,"column":61},"end":{"line":70,"column":null}},"line":65},"6":{"name":"healthCheck","decl":{"start":{"line":76,"column":22},"end":{"line":76,"column":33}},"loc":{"start":{"line":76,"column":36},"end":{"line":79,"column":null}},"line":76}},"branchMap":{"0":{"loc":{"start":{"line":5,"column":21},"end":{"line":5,"column":80}},"type":"cond-expr","locations":[{"start":{"line":5,"column":37},"end":{"line":5,"column":39}},{"start":{"line":5,"column":43},"end":{"line":5,"column":79}}],"line":5},"1":{"loc":{"start":{"line":5,"column":43},"end":{"line":5,"column":79}},"type":"binary-expr","locations":[{"start":{"line":5,"column":43},"end":{"line":5,"column":49}},{"start":{"line":5,"column":53},"end":{"line":5,"column":79}}],"line":5},"2":{"loc":{"start":{"line":10,"column":34},"end":{"line":10,"column":46}},"type":"default-arg","locations":[{"start":{"line":10,"column":44},"end":{"line":10,"column":46}}],"line":10},"3":{"loc":{"start":{"line":20,"column":4},"end":{"line":23,"column":null}},"type":"if","locations":[{"start":{"line":20,"column":4},"end":{"line":23,"column":null}},{"start":{},"end":{}}],"line":20},"4":{"loc":{"start":{"line":22,"column":22},"end":{"line":22,"column":90}},"type":"binary-expr","locations":[{"start":{"line":22,"column":22},"end":{"line":22,"column":37}},{"start":{"line":22,"column":41},"end":{"line":22,"column":90}}],"line":22}},"s":{"0":1,"1":1,"2":19,"3":19,"4":18,"5":7,"6":0,"7":7,"8":11,"9":8,"10":8,"11":5,"12":4,"13":3,"14":7,"15":0,"16":0},"f":{"0":19,"1":0,"2":5,"3":4,"4":3,"5":7,"6":0},"b":{"0":[0,1],"1":[1,1],"2":[19],"3":[7,11],"4":[7,0]},"meta":{"lastBranch":5,"lastFunction":7,"lastStatement":17,"seen":{"s:4:15:4:51":0,"s:5:21:5:80":1,"b:5:37:5:39:5:43:5:79":0,"b:5:43:5:49:5:53:5:79":1,"f:10:15:10:23":0,"b:10:44:10:46":2,"s:11:2:29:Infinity":2,"s:12:21:18:6":3,"b:20:4:23:Infinity:undefined:undefined:undefined:undefined":3,"s:20:4:23:Infinity":4,"s:21:24:21:63":5,"f:21:52:21:53":1,"s:21:59:21:61":6,"s:22:6:22:Infinity":7,"b:22:22:22:37:22:41:22:90":4,"s:25:4:25:Infinity":8,"s:27:4:27:Infinity":9,"s:28:4:28:Infinity":10,"f:36:22:36:33":2,"s:37:2:37:Infinity":11,"f:45:22:45:33":3,"s:46:2:46:Infinity":12,"f:55:22:55:37":4,"s:56:2:56:Infinity":13,"f:65:22:65:40":5,"s:66:2:69:Infinity":14,"f:76:22:76:33":6,"s:77:19:77:50":15,"s:78:2:78:Infinity":16}}}
,"/Users/vi/Desktop/Uni Work/WEBS3/SP3-Frontend/src/lib/postureAnalytics.js": {"path":"/Users/vi/Desktop/Uni Work/WEBS3/SP3-Frontend/src/lib/postureAnalytics.js","statementMap":{"0":{"start":{"line":9,"column":21},"end":{"line":9,"column":35}},"1":{"start":{"line":10,"column":2},"end":{"line":10,"column":null}},"2":{"start":{"line":12,"column":19},"end":{"line":12,"column":33}},"3":{"start":{"line":13,"column":2},"end":{"line":13,"column":null}},"4":{"start":{"line":15,"column":19},"end":{"line":19,"column":3}},"5":{"start":{"line":21,"column":18},"end":{"line":25,"column":3}},"6":{"start":{"line":28,"column":23},"end":{"line":28,"column":24}},"7":{"start":{"line":29,"column":24},"end":{"line":29,"column":25}},"8":{"start":{"line":30,"column":24},"end":{"line":30,"column":25}},"9":{"start":{"line":31,"column":25},"end":{"line":31,"column":26}},"10":{"start":{"line":33,"column":2},"end":{"line":42,"column":null}},"11":{"start":{"line":34,"column":21},"end":{"line":34,"column":45}},"12":{"start":{"line":35,"column":4},"end":{"line":41,"column":null}},"13":{"start":{"line":36,"column":6},"end":{"line":36,"column":null}},"14":{"start":{"line":37,"column":6},"end":{"line":37,"column":null}},"15":{"start":{"line":38,"column":11},"end":{"line":41,"column":null}},"16":{"start":{"line":39,"column":6},"end":{"line":39,"column":null}},"17":{"start":{"line":40,"column":6},"end":{"line":40,"column":null}},"18":{"start":{"line":44,"column":2},"end":{"line":52,"column":null}},"19":{"start":{"line":59,"column":16},"end":{"line":59,"column":18}},"20":{"start":{"line":60,"column":16},"end":{"line":60,"column":26}},"21":{"start":{"line":62,"column":2},"end":{"line":69,"column":null}},"22":{"start":{"line":62,"column":15},"end":{"line":62,"column":23}},"23":{"start":{"line":63,"column":17},"end":{"line":63,"column":32}},"24":{"start":{"line":64,"column":4},"end":{"line":64,"column":null}},"25":{"start":{"line":65,"column":4},"end":{"line":65,"column":null}},"26":{"start":{"line":67,"column":21},"end":{"line":67,"column":60}},"27":{"start":{"line":68,"column":4},"end":{"line":68,"column":null}},"28":{"start":{"line":71,"column":2},"end":{"line":71,"column":null}},"29":{"start":{"line":78,"column":16},"end":{"line":78,"column":40}},"30":{"start":{"line":79,"column":18},"end":{"line":79,"column":52}},"31":{"start":{"line":80,"column":2},"end":{"line":80,"column":null}},"32":{"start":{"line":87,"column":2},"end":{"line":87,"column":null}},"33":{"start":{"line":94,"column":18},"end":{"line":94,"column":28}},"34":{"start":{"line":95,"column":20},"end":{"line":95,"column":30}},"35":{"start":{"line":96,"column":2},"end":{"line":96,"column":null}},"36":{"start":{"line":98,"column":18},"end":{"line":102,"column":3}},"37":{"start":{"line":105,"column":23},"end":{"line":105,"column":25}},"38":{"start":{"line":106,"column":2},"end":{"line":109,"column":null}},"39":{"start":{"line":107,"column":16},"end":{"line":107,"column":64}},"40":{"start":{"line":108,"column":4},"end":{"line":108,"column":null}},"41":{"start":{"line":111,"column":2},"end":{"line":111,"column":null}},"42":{"start":{"line":118,"column":18},"end":{"line":118,"column":28}},"43":{"start":{"line":119,"column":20},"end":{"line":119,"column":30}},"44":{"start":{"line":120,"column":2},"end":{"line":120,"column":null}},"45":{"start":{"line":122,"column":19},"end":{"line":126,"column":3}},"46":{"start":{"line":128,"column":23},"end":{"line":133,"column":3}},"47":{"start":{"line":135,"column":2},"end":{"line":141,"column":null}},"48":{"start":{"line":136,"column":20},"end":{"line":136,"column":54}},"49":{"start":{"line":137,"column":4},"end":{"line":140,"column":null}},"50":{"start":{"line":137,"column":22},"end":{"line":137,"column":null}},"51":{"start":{"line":138,"column":9},"end":{"line":140,"column":null}},"52":{"start":{"line":138,"column":27},"end":{"line":138,"column":null}},"53":{"start":{"line":139,"column":9},"end":{"line":140,"column":null}},"54":{"start":{"line":139,"column":27},"end":{"line":139,"column":null}},"55":{"start":{"line":140,"column":9},"end":{"line":140,"column":null}},"56":{"start":{"line":143,"column":2},"end":{"line":143,"column":null}},"57":{"start":{"line":150,"column":16},"end":{"line":150,"column":48}},"58":{"start":{"line":151,"column":2},"end":{"line":151,"column":null}},"59":{"start":{"line":151,"column":19},"end":{"line":151,"column":null}},"60":{"start":{"line":153,"column":2},"end":{"line":156,"column":null}}},"fnMap":{"0":{"name":"calculateDailyStats","decl":{"start":{"line":7,"column":22},"end":{"line":7,"column":41}},"loc":{"start":{"line":7,"column":56},"end":{"line":53,"column":null}},"line":7},"1":{"name":"(anonymous_1)","decl":{"start":{"line":33,"column":19},"end":{"line":33,"column":26}},"loc":{"start":{"line":33,"column":30},"end":{"line":42,"column":3}},"line":33},"2":{"name":"getWeeklyStats","decl":{"start":{"line":58,"column":22},"end":{"line":58,"column":36}},"loc":{"start":{"line":58,"column":55},"end":{"line":72,"column":null}},"line":58},"3":{"name":"formatDuration","decl":{"start":{"line":77,"column":16},"end":{"line":77,"column":30}},"loc":{"start":{"line":77,"column":35},"end":{"line":81,"column":null}},"line":77},"4":{"name":"msToHours","decl":{"start":{"line":86,"column":16},"end":{"line":86,"column":25}},"loc":{"start":{"line":86,"column":30},"end":{"line":88,"column":null}},"line":86},"5":{"name":"getPostureChangeFrequency","decl":{"start":{"line":93,"column":22},"end":{"line":93,"column":47}},"loc":{"start":{"line":93,"column":66},"end":{"line":112,"column":null}},"line":93},"6":{"name":"(anonymous_6)","decl":{"start":{"line":106,"column":18},"end":{"line":106,"column":24}},"loc":{"start":{"line":106,"column":28},"end":{"line":109,"column":3}},"line":106},"7":{"name":"getSessionDurationDistribution","decl":{"start":{"line":117,"column":22},"end":{"line":117,"column":52}},"loc":{"start":{"line":117,"column":71},"end":{"line":144,"column":null}},"line":117},"8":{"name":"(anonymous_8)","decl":{"start":{"line":135,"column":19},"end":{"line":135,"column":26}},"loc":{"start":{"line":135,"column":30},"end":{"line":141,"column":3}},"line":135},"9":{"name":"calculatePostureBalance","decl":{"start":{"line":149,"column":16},"end":{"line":149,"column":39}},"loc":{"start":{"line":149,"column":73},"end":{"line":157,"column":null}},"line":149}},"branchMap":{"0":{"loc":{"start":{"line":34,"column":21},"end":{"line":34,"column":45}},"type":"binary-expr","locations":[{"start":{"line":34,"column":21},"end":{"line":34,"column":40}},{"start":{"line":34,"column":44},"end":{"line":34,"column":45}}],"line":34},"1":{"loc":{"start":{"line":35,"column":4},"end":{"line":41,"column":null}},"type":"if","locations":[{"start":{"line":35,"column":4},"end":{"line":41,"column":null}},{"start":{"line":38,"column":11},"end":{"line":41,"column":null}}],"line":35},"2":{"loc":{"start":{"line":38,"column":11},"end":{"line":41,"column":null}},"type":"if","locations":[{"start":{"line":38,"column":11},"end":{"line":41,"column":null}},{"start":{},"end":{}}],"line":38},"3":{"loc":{"start":{"line":49,"column":28},"end":{"line":49,"column":86}},"type":"cond-expr","locations":[{"start":{"line":49,"column":50},"end":{"line":49,"column":82}},{"start":{"line":49,"column":85},"end":{"line":49,"column":86}}],"line":49},"4":{"loc":{"start":{"line":50,"column":29},"end":{"line":50,"column":90}},"type":"cond-expr","locations":[{"start":{"line":50,"column":52},"end":{"line":50,"column":86}},{"start":{"line":50,"column":89},"end":{"line":50,"column":90}}],"line":50},"5":{"loc":{"start":{"line":58,"column":45},"end":{"line":58,"column":53}},"type":"default-arg","locations":[{"start":{"line":58,"column":52},"end":{"line":58,"column":53}}],"line":58},"6":{"loc":{"start":{"line":93,"column":56},"end":{"line":93,"column":64}},"type":"default-arg","locations":[{"start":{"line":93,"column":63},"end":{"line":93,"column":64}}],"line":93},"7":{"loc":{"start":{"line":108,"column":25},"end":{"line":108,"column":47}},"type":"binary-expr","locations":[{"start":{"line":108,"column":25},"end":{"line":108,"column":42}},{"start":{"line":108,"column":46},"end":{"line":108,"column":47}}],"line":108},"8":{"loc":{"start":{"line":117,"column":61},"end":{"line":117,"column":69}},"type":"default-arg","locations":[{"start":{"line":117,"column":68},"end":{"line":117,"column":69}}],"line":117},"9":{"loc":{"start":{"line":136,"column":21},"end":{"line":136,"column":45}},"type":"binary-expr","locations":[{"start":{"line":136,"column":21},"end":{"line":136,"column":40}},{"start":{"line":136,"column":44},"end":{"line":136,"column":45}}],"line":136},"10":{"loc":{"start":{"line":137,"column":4},"end":{"line":140,"column":null}},"type":"if","locations":[{"start":{"line":137,"column":4},"end":{"line":140,"column":null}},{"start":{"line":138,"column":9},"end":{"line":140,"column":null}}],"line":137},"11":{"loc":{"start":{"line":138,"column":9},"end":{"line":140,"column":null}},"type":"if","locations":[{"start":{"line":138,"column":9},"end":{"line":140,"column":null}},{"start":{"line":139,"column":9},"end":{"line":140,"column":null}}],"line":138},"12":{"loc":{"start":{"line":139,"column":9},"end":{"line":140,"column":null}},"type":"if","locations":[{"start":{"line":139,"column":9},"end":{"line":140,"column":null}},{"start":{"line":140,"column":9},"end":{"line":140,"column":null}}],"line":139},"13":{"loc":{"start":{"line":151,"column":2},"end":{"line":151,"column":null}},"type":"if","locations":[{"start":{"line":151,"column":2},"end":{"line":151,"column":null}},{"start":{},"end":{}}],"line":151}},"s":{"0":13,"1":13,"2":13,"3":13,"4":13,"5":13,"6":13,"7":13,"8":13,"9":13,"10":13,"11":4,"12":4,"13":3,"14":3,"15":1,"16":1,"17":1,"18":13,"19":2,"20":2,"21":2,"22":2,"23":10,"24":10,"25":10,"26":10,"27":10,"28":2,"29":3,"30":3,"31":3,"32":7,"33":2,"34":2,"35":2,"36":2,"37":2,"38":2,"39":3,"40":3,"41":2,"42":2,"43":2,"44":2,"45":2,"46":2,"47":2,"48":5,"49":5,"50":2,"51":3,"52":1,"53":2,"54":1,"55":1,"56":2,"57":3,"58":3,"59":1,"60":2},"f":{"0":13,"1":4,"2":2,"3":3,"4":7,"5":2,"6":3,"7":2,"8":5,"9":3},"b":{"0":[4,1],"1":[3,1],"2":[1,0],"3":[2,11],"4":[1,12],"5":[2],"6":[2],"7":[3,2],"8":[2],"9":[5,1],"10":[2,3],"11":[1,2],"12":[1,1],"13":[1,2]},"meta":{"lastBranch":14,"lastFunction":10,"lastStatement":61,"seen":{"f:7:22:7:41":0,"s:9:21:9:35":0,"s:10:2:10:Infinity":1,"s:12:19:12:33":2,"s:13:2:13:Infinity":3,"s:15:19:19:3":4,"s:21:18:25:3":5,"s:28:23:28:24":6,"s:29:24:29:25":7,"s:30:24:30:25":8,"s:31:25:31:26":9,"s:33:2:42:Infinity":10,"f:33:19:33:26":1,"s:34:21:34:45":11,"b:34:21:34:40:34:44:34:45":0,"b:35:4:41:Infinity:38:11:41:Infinity":1,"s:35:4:41:Infinity":12,"s:36:6:36:Infinity":13,"s:37:6:37:Infinity":14,"b:38:11:41:Infinity:undefined:undefined:undefined:undefined":2,"s:38:11:41:Infinity":15,"s:39:6:39:Infinity":16,"s:40:6:40:Infinity":17,"s:44:2:52:Infinity":18,"b:49:50:49:82:49:85:49:86":3,"b:50:52:50:86:50:89:50:90":4,"f:58:22:58:36":2,"b:58:52:58:53":5,"s:59:16:59:18":19,"s:60:16:60:26":20,"s:62:2:69:Infinity":21,"s:62:15:62:23":22,"s:63:17:63:32":23,"s:64:4:64:Infinity":24,"s:65:4:65:Infinity":25,"s:67:21:67:60":26,"s:68:4:68:Infinity":27,"s:71:2:71:Infinity":28,"f:77:16:77:30":3,"s:78:16:78:40":29,"s:79:18:79:52":30,"s:80:2:80:Infinity":31,"f:86:16:86:25":4,"s:87:2:87:Infinity":32,"f:93:22:93:47":5,"b:93:63:93:64":6,"s:94:18:94:28":33,"s:95:20:95:30":34,"s:96:2:96:Infinity":35,"s:98:18:102:3":36,"s:105:23:105:25":37,"s:106:2:109:Infinity":38,"f:106:18:106:24":6,"s:107:16:107:64":39,"s:108:4:108:Infinity":40,"b:108:25:108:42:108:46:108:47":7,"s:111:2:111:Infinity":41,"f:117:22:117:52":7,"b:117:68:117:69":8,"s:118:18:118:28":42,"s:119:20:119:30":43,"s:120:2:120:Infinity":44,"s:122:19:126:3":45,"s:128:23:133:3":46,"s:135:2:141:Infinity":47,"f:135:19:135:26":8,"s:136:20:136:54":48,"b:136:21:136:40:136:44:136:45":9,"b:137:4:140:Infinity:138:9:140:Infinity":10,"s:137:4:140:Infinity":49,"s:137:22:137:Infinity":50,"b:138:9:140:Infinity:139:9:140:Infinity":11,"s:138:9:140:Infinity":51,"s:138:27:138:Infinity":52,"b:139:9:140:Infinity:140:9:140:Infinity":12,"s:139:9:140:Infinity":53,"s:139:27:139:Infinity":54,"s:140:9:140:Infinity":55,"s:143:2:143:Infinity":56,"f:149:16:149:39":9,"s:150:16:150:48":57,"b:151:2:151:Infinity:undefined:undefined:undefined:undefined":13,"s:151:2:151:Infinity":58,"s:151:19:151:Infinity":59,"s:153:2:156:Infinity":60}}}
,"/Users/vi/Desktop/Uni Work/WEBS3/SP3-Frontend/src/lib/supabase.js": {"path":"/Users/vi/Desktop/Uni Work/WEBS3/SP3-Frontend/src/lib/supabase.js","statementMap":{"0":{"start":{"line":3,"column":20},"end":{"line":3,"column":53}},"1":{"start":{"line":4,"column":24},"end":{"line":4,"column":62}},"2":{"start":{"line":6,"column":0},"end":{"line":8,"column":null}},"3":{"start":{"line":7,"column":2},"end":{"line":7,"column":null}},"4":{"start":{"line":11,"column":23},"end":{"line":14,"column":1}}},"fnMap":{},"branchMap":{"0":{"loc":{"start":{"line":6,"column":0},"end":{"line":8,"column":null}},"type":"if","locations":[{"start":{"line":6,"column":0},"end":{"line":8,"column":null}},{"start":{},"end":{}}],"line":6},"1":{"loc":{"start":{"line":6,"column":4},"end":{"line":6,"column":36}},"type":"binary-expr","locations":[{"start":{"line":6,"column":4},"end":{"line":6,"column":16}},{"start":{"line":6,"column":20},"end":{"line":6,"column":36}}],"line":6},"2":{"loc":{"start":{"line":12,"column":2},"end":{"line":12,"column":50}},"type":"binary-expr","locations":[{"start":{"line":12,"column":2},"end":{"line":12,"column":13}},{"start":{"line":12,"column":17},"end":{"line":12,"column":50}}],"line":12},"3":{"loc":{"start":{"line":13,"column":2},"end":{"line":13,"column":null}},"type":"binary-expr","locations":[{"start":{"line":13,"column":2},"end":{"line":13,"column":17}},{"start":{"line":13,"column":21},"end":{"line":13,"column":null}}],"line":13}},"s":{"0":6,"1":6,"2":6,"3":6,"4":6},"f":{},"b":{"0":[6,0],"1":[6,0],"2":[6,6],"3":[6,6]},"meta":{"lastBranch":4,"lastFunction":0,"lastStatement":5,"seen":{"s:3:20:3:53":0,"s:4:24:4:62":1,"b:6:0:8:Infinity:undefined:undefined:undefined:undefined":0,"s:6:0:8:Infinity":2,"b:6:4:6:16:6:20:6:36":1,"s:7:2:7:Infinity":3,"s:11:23:14:1":4,"b:12:2:12:13:12:17:12:50":2,"b:13:2:13:17:13:21:13:Infinity":3}}}
}
